<?xml version="1.0" encoding="UTF-8"?>
<testng-results ignored="0" total="1" passed="1" failed="0" skipped="0">
  <reporter-output>
  </reporter-output>
  <suite started-at="2023-10-15T15:31:05 CEST" name="Quick" finished-at="2023-10-15T15:31:10 CEST" duration-ms="5730">
    <groups>
    </groups>
    <test started-at="2023-10-15T15:31:05 CEST" name="Quick" finished-at="2023-10-15T15:31:10 CEST" duration-ms="5730">
      <class name="org.ait.herokuapp.tests.NewTabTest">
        <test-method is-config="true" signature="init()[pri:0, instance:org.ait.herokuapp.tests.NewTabTest@6a84a97d]" started-at="2023-10-15T15:31:05 CEST" name="init" finished-at="2023-10-15T15:31:09 CEST" duration-ms="4784" status="PASS">
          <reporter-output>
          </reporter-output>
        </test-method> <!-- init -->
        <test-method is-config="true" signature="startLogger(java.lang.reflect.Method)[pri:0, instance:org.ait.herokuapp.tests.NewTabTest@6a84a97d]" started-at="2023-10-15T15:31:09 CEST" name="startLogger" finished-at="2023-10-15T15:31:09 CEST" duration-ms="5" status="PASS">
          <params>
            <param index="0">
              <value>
                <![CDATA[public void org.ait.herokuapp.tests.NewTabTest.switchToNewTabTest()]]>
              </value>
            </param>
          </params>
          <reporter-output>
          </reporter-output>
        </test-method> <!-- startLogger -->
        <test-method is-config="true" signature="precondition()[pri:0, instance:org.ait.herokuapp.tests.NewTabTest@6a84a97d]" started-at="2023-10-15T15:31:09 CEST" name="precondition" finished-at="2023-10-15T15:31:10 CEST" duration-ms="375" status="PASS">
          <reporter-output>
          </reporter-output>
        </test-method> <!-- precondition -->
        <test-method signature="switchToNewTabTest()[pri:0, instance:org.ait.herokuapp.tests.NewTabTest@6a84a97d]" started-at="2023-10-15T15:31:10 CEST" name="switchToNewTabTest" finished-at="2023-10-15T15:31:10 CEST" duration-ms="364" status="PASS">
          <reporter-output>
          </reporter-output>
        </test-method> <!-- switchToNewTabTest -->
        <test-method is-config="true" signature="tearDown()[pri:0, instance:org.ait.herokuapp.tests.NewTabTest@6a84a97d]" started-at="2023-10-15T15:31:10 CEST" name="tearDown" finished-at="2023-10-15T15:31:10 CEST" duration-ms="153" status="PASS">
          <reporter-output>
          </reporter-output>
        </test-method> <!-- tearDown -->
      </class> <!-- org.ait.herokuapp.tests.NewTabTest -->
    </test> <!-- Quick -->
  </suite> <!-- Quick -->
</testng-results>
